c:\users\aurcu\onedrive\escritorio\practicas-libro-progra\clase1-dependencia_mutua\clase1-dependencia_mutua\x64\debug\vc143.pdb
c:\users\aurcu\onedrive\escritorio\practicas-libro-progra\clase1-dependencia_mutua\clase1-dependencia_mutua\x64\debug\vc143.idb
c:\users\aurcu\onedrive\escritorio\practicas-libro-progra\clase1-dependencia_mutua\clase1-dependencia_mutua\x64\debug\tv.obj
c:\users\aurcu\onedrive\escritorio\practicas-libro-progra\clase1-dependencia_mutua\clase1-dependencia_mutua\x64\debug\principal.obj
c:\users\aurcu\onedrive\escritorio\practicas-libro-progra\clase1-dependencia_mutua\clase1-dependencia_mutua\x64\debug\persona.obj
c:\users\aurcu\onedrive\escritorio\practicas-libro-progra\clase1-dependencia_mutua\x64\debug\clase1-dependencia_mutua.exe
c:\users\aurcu\onedrive\escritorio\practicas-libro-progra\clase1-dependencia_mutua\clase1-dependencia_mutua\x64\debug\clase1-dependencia_mutua.ilk
c:\users\aurcu\onedrive\escritorio\practicas-libro-progra\clase1-dependencia_mutua\x64\debug\clase1-dependencia_mutua.pdb
c:\users\aurcu\onedrive\escritorio\programacion-ii\clase 1-dependencia_mutua\clase1-dependencia_mutua\x64\debug\persona.obj
c:\users\aurcu\onedrive\escritorio\programacion-ii\clase 1-dependencia_mutua\clase1-dependencia_mutua\x64\debug\principal.obj
c:\users\aurcu\onedrive\escritorio\programacion-ii\clase 1-dependencia_mutua\clase1-dependencia_mutua\x64\debug\tv.obj
c:\users\aurcu\onedrive\escritorio\programacion-ii\clase 1-dependencia_mutua\clase1-dependencia_mutua\x64\debug\clase1-dependencia_mutua.ilk
c:\users\aurcu\onedrive\escritorio\programacion-ii\clase 1-dependencia_mutua\clase1-dependencia_mutua\x64\debug\vc143.idb
c:\users\aurcu\onedrive\escritorio\programacion-ii\clase 1-dependencia_mutua\clase1-dependencia_mutua\x64\debug\vc143.pdb
c:\users\aurcu\onedrive\escritorio\programacion-ii\clase 1-dependencia_mutua\clase1-dependencia_mutua\x64\debug\clase1-d.e96e009b.tlog\cl.command.1.tlog
c:\users\aurcu\onedrive\escritorio\programacion-ii\clase 1-dependencia_mutua\clase1-dependencia_mutua\x64\debug\clase1-d.e96e009b.tlog\cl.items.tlog
c:\users\aurcu\onedrive\escritorio\programacion-ii\clase 1-dependencia_mutua\clase1-dependencia_mutua\x64\debug\clase1-d.e96e009b.tlog\cl.read.1.tlog
c:\users\aurcu\onedrive\escritorio\programacion-ii\clase 1-dependencia_mutua\clase1-dependencia_mutua\x64\debug\clase1-d.e96e009b.tlog\cl.write.1.tlog
c:\users\aurcu\onedrive\escritorio\programacion-ii\clase 1-dependencia_mutua\clase1-dependencia_mutua\x64\debug\clase1-d.e96e009b.tlog\link.command.1.tlog
c:\users\aurcu\onedrive\escritorio\programacion-ii\clase 1-dependencia_mutua\clase1-dependencia_mutua\x64\debug\clase1-d.e96e009b.tlog\link.read.1.tlog
c:\users\aurcu\onedrive\escritorio\programacion-ii\clase 1-dependencia_mutua\clase1-dependencia_mutua\x64\debug\clase1-d.e96e009b.tlog\link.write.1.tlog
