c:\users\aurcu\onedrive\escritorio\programacion-ii\i parcial\clases\clase 6-patron decorador\patron decorador\patron decorador\x64\debug\vc143.pdb
c:\users\aurcu\onedrive\escritorio\programacion-ii\i parcial\clases\clase 6-patron decorador\patron decorador\patron decorador\x64\debug\vc143.idb
c:\users\aurcu\onedrive\escritorio\programacion-ii\i parcial\clases\clase 6-patron decorador\patron decorador\patron decorador\x64\debug\tomate.obj
c:\users\aurcu\onedrive\escritorio\programacion-ii\i parcial\clases\clase 6-patron decorador\patron decorador\patron decorador\x64\debug\quesoamarillo.obj
c:\users\aurcu\onedrive\escritorio\programacion-ii\i parcial\clases\clase 6-patron decorador\patron decorador\patron decorador\x64\debug\principal.obj
c:\users\aurcu\onedrive\escritorio\programacion-ii\i parcial\clases\clase 6-patron decorador\patron decorador\patron decorador\x64\debug\lechuga.obj
c:\users\aurcu\onedrive\escritorio\programacion-ii\i parcial\clases\clase 6-patron decorador\patron decorador\patron decorador\x64\debug\ingrediente.obj
c:\users\aurcu\onedrive\escritorio\programacion-ii\i parcial\clases\clase 6-patron decorador\patron decorador\patron decorador\x64\debug\hamburguesa.obj
c:\users\aurcu\onedrive\escritorio\programacion-ii\i parcial\clases\clase 6-patron decorador\patron decorador\patron decorador\x64\debug\carne.obj
c:\users\aurcu\onedrive\escritorio\programacion-ii\i parcial\clases\clase 6-patron decorador\patron decorador\x64\debug\patron decorador.exe
c:\users\aurcu\onedrive\escritorio\programacion-ii\i parcial\clases\clase 6-patron decorador\patron decorador\patron decorador\x64\debug\patron decorador.ilk
c:\users\aurcu\onedrive\escritorio\programacion-ii\i parcial\clases\clase 6-patron decorador\patron decorador\x64\debug\patron decorador.pdb
c:\users\aurcu\onedrive\escritorio\programacion-ii\i parcial\clases\clase 6-patron decorador-listo\patron decorador\patron decorador\x64\debug\carne.obj
c:\users\aurcu\onedrive\escritorio\programacion-ii\i parcial\clases\clase 6-patron decorador-listo\patron decorador\patron decorador\x64\debug\hamburguesa.obj
c:\users\aurcu\onedrive\escritorio\programacion-ii\i parcial\clases\clase 6-patron decorador-listo\patron decorador\patron decorador\x64\debug\ingrediente.obj
c:\users\aurcu\onedrive\escritorio\programacion-ii\i parcial\clases\clase 6-patron decorador-listo\patron decorador\patron decorador\x64\debug\lechuga.obj
c:\users\aurcu\onedrive\escritorio\programacion-ii\i parcial\clases\clase 6-patron decorador-listo\patron decorador\patron decorador\x64\debug\principal.obj
c:\users\aurcu\onedrive\escritorio\programacion-ii\i parcial\clases\clase 6-patron decorador-listo\patron decorador\patron decorador\x64\debug\quesoamarillo.obj
c:\users\aurcu\onedrive\escritorio\programacion-ii\i parcial\clases\clase 6-patron decorador-listo\patron decorador\patron decorador\x64\debug\tomate.obj
c:\users\aurcu\onedrive\escritorio\programacion-ii\i parcial\clases\clase 6-patron decorador-listo\patron decorador\patron decorador\x64\debug\patron decorador.ilk
c:\users\aurcu\onedrive\escritorio\programacion-ii\i parcial\clases\clase 6-patron decorador-listo\patron decorador\patron decorador\x64\debug\vc143.idb
c:\users\aurcu\onedrive\escritorio\programacion-ii\i parcial\clases\clase 6-patron decorador-listo\patron decorador\patron decorador\x64\debug\vc143.pdb
c:\users\aurcu\onedrive\escritorio\programacion-ii\i parcial\clases\clase 6-patron decorador-listo\patron decorador\patron decorador\x64\debug\patron decorador.tlog\cl.command.1.tlog
c:\users\aurcu\onedrive\escritorio\programacion-ii\i parcial\clases\clase 6-patron decorador-listo\patron decorador\patron decorador\x64\debug\patron decorador.tlog\cl.items.tlog
c:\users\aurcu\onedrive\escritorio\programacion-ii\i parcial\clases\clase 6-patron decorador-listo\patron decorador\patron decorador\x64\debug\patron decorador.tlog\cl.read.1.tlog
c:\users\aurcu\onedrive\escritorio\programacion-ii\i parcial\clases\clase 6-patron decorador-listo\patron decorador\patron decorador\x64\debug\patron decorador.tlog\cl.write.1.tlog
c:\users\aurcu\onedrive\escritorio\programacion-ii\i parcial\clases\clase 6-patron decorador-listo\patron decorador\patron decorador\x64\debug\patron decorador.tlog\link.command.1.tlog
c:\users\aurcu\onedrive\escritorio\programacion-ii\i parcial\clases\clase 6-patron decorador-listo\patron decorador\patron decorador\x64\debug\patron decorador.tlog\link.read.1.tlog
c:\users\aurcu\onedrive\escritorio\programacion-ii\i parcial\clases\clase 6-patron decorador-listo\patron decorador\patron decorador\x64\debug\patron decorador.tlog\link.write.1.tlog
