c:\users\aurcu\onedrive\escritorio\programacion-ii\ii parcial\practicafinal-objetobase\practicafinal-objetobase\x64\debug\vc143.pdb
c:\users\aurcu\onedrive\escritorio\programacion-ii\ii parcial\practicafinal-objetobase\practicafinal-objetobase\x64\debug\vc143.idb
c:\users\aurcu\onedrive\escritorio\programacion-ii\ii parcial\practicafinal-objetobase\practicafinal-objetobase\x64\debug\principal.obj
c:\users\aurcu\onedrive\escritorio\programacion-ii\ii parcial\practicafinal-objetobase\practicafinal-objetobase\x64\debug\persona.obj
c:\users\aurcu\onedrive\escritorio\programacion-ii\ii parcial\practicafinal-objetobase\practicafinal-objetobase\x64\debug\perro.obj
c:\users\aurcu\onedrive\escritorio\programacion-ii\ii parcial\practicafinal-objetobase\practicafinal-objetobase\x64\debug\objetobase.obj
c:\users\aurcu\onedrive\escritorio\programacion-ii\ii parcial\practicafinal-objetobase\practicafinal-objetobase\x64\debug\nodo.obj
c:\users\aurcu\onedrive\escritorio\programacion-ii\ii parcial\practicafinal-objetobase\practicafinal-objetobase\x64\debug\iterlista.obj
c:\users\aurcu\onedrive\escritorio\programacion-ii\ii parcial\practicafinal-objetobase\practicafinal-objetobase\x64\debug\iterador.obj
c:\users\aurcu\onedrive\escritorio\programacion-ii\ii parcial\practicafinal-objetobase\practicafinal-objetobase\x64\debug\gato.obj
c:\users\aurcu\onedrive\escritorio\programacion-ii\ii parcial\practicafinal-objetobase\practicafinal-objetobase\x64\debug\coleccionl.obj
c:\users\aurcu\onedrive\escritorio\programacion-ii\ii parcial\practicafinal-objetobase\practicafinal-objetobase\x64\debug\coleccion.obj
c:\users\aurcu\onedrive\escritorio\programacion-ii\ii parcial\practicafinal-objetobase\practicafinal-objetobase\x64\debug\animal.obj
c:\users\aurcu\onedrive\escritorio\programacion-ii\ii parcial\practicafinal-objetobase\practicafinal-objetobase\x64\debug\practicafinal-objetobase.ilk
c:\users\aurcu\onedrive\escritorio\programacion-ii\ii parcial\practicafinal-objetobase\x64\debug\practicafinal-objetobase.exe
c:\users\aurcu\onedrive\escritorio\programacion-ii\ii parcial\practicafinal-objetobase\x64\debug\practicafinal-objetobase.pdb
c:\users\aurcu\onedrive\escritorio\programacion-ii\ii parcial\practicafinal-objetobase\practicafinal-objetobase\x64\debug\practica.1b29035f.tlog\cl.command.1.tlog
c:\users\aurcu\onedrive\escritorio\programacion-ii\ii parcial\practicafinal-objetobase\practicafinal-objetobase\x64\debug\practica.1b29035f.tlog\cl.items.tlog
c:\users\aurcu\onedrive\escritorio\programacion-ii\ii parcial\practicafinal-objetobase\practicafinal-objetobase\x64\debug\practica.1b29035f.tlog\cl.read.1.tlog
c:\users\aurcu\onedrive\escritorio\programacion-ii\ii parcial\practicafinal-objetobase\practicafinal-objetobase\x64\debug\practica.1b29035f.tlog\cl.write.1.tlog
c:\users\aurcu\onedrive\escritorio\programacion-ii\ii parcial\practicafinal-objetobase\practicafinal-objetobase\x64\debug\practica.1b29035f.tlog\link.command.1.tlog
c:\users\aurcu\onedrive\escritorio\programacion-ii\ii parcial\practicafinal-objetobase\practicafinal-objetobase\x64\debug\practica.1b29035f.tlog\link.read.1.tlog
c:\users\aurcu\onedrive\escritorio\programacion-ii\ii parcial\practicafinal-objetobase\practicafinal-objetobase\x64\debug\practica.1b29035f.tlog\link.write.1.tlog
