c:\users\aurcu\onedrive\escritorio\programacion-ii\iii parcial\abstract factory\abstract_factory_1\abstract_factory_1\x64\debug\vc143.pdb
c:\users\aurcu\onedrive\escritorio\programacion-ii\iii parcial\abstract factory\abstract_factory_1\abstract_factory_1\x64\debug\vc143.idb
c:\users\aurcu\onedrive\escritorio\programacion-ii\iii parcial\abstract factory\abstract_factory_1\abstract_factory_1\x64\debug\reproductorviejo.obj
c:\users\aurcu\onedrive\escritorio\programacion-ii\iii parcial\abstract factory\abstract_factory_1\abstract_factory_1\x64\debug\reproductornuevo.obj
c:\users\aurcu\onedrive\escritorio\programacion-ii\iii parcial\abstract factory\abstract_factory_1\abstract_factory_1\x64\debug\principal.obj
c:\users\aurcu\onedrive\escritorio\programacion-ii\iii parcial\abstract factory\abstract_factory_1\abstract_factory_1\x64\debug\medioviejo.obj
c:\users\aurcu\onedrive\escritorio\programacion-ii\iii parcial\abstract factory\abstract_factory_1\abstract_factory_1\x64\debug\medionuevo.obj
c:\users\aurcu\onedrive\escritorio\programacion-ii\iii parcial\abstract factory\abstract_factory_1\abstract_factory_1\x64\debug\interfaz.obj
c:\users\aurcu\onedrive\escritorio\programacion-ii\iii parcial\abstract factory\abstract_factory_1\abstract_factory_1\x64\debug\grabadorviejo.obj
c:\users\aurcu\onedrive\escritorio\programacion-ii\iii parcial\abstract factory\abstract_factory_1\abstract_factory_1\x64\debug\grabadornuevo.obj
c:\users\aurcu\onedrive\escritorio\programacion-ii\iii parcial\abstract factory\abstract_factory_1\abstract_factory_1\x64\debug\fabricaeviejo.obj
c:\users\aurcu\onedrive\escritorio\programacion-ii\iii parcial\abstract factory\abstract_factory_1\abstract_factory_1\x64\debug\fabricaenuevo.obj
c:\users\aurcu\onedrive\escritorio\programacion-ii\iii parcial\abstract factory\abstract_factory_1\abstract_factory_1\x64\debug\abstract_factory_1.ilk
c:\users\aurcu\onedrive\escritorio\programacion-ii\iii parcial\abstract factory\abstract_factory_1\x64\debug\abstract_factory_1.exe
c:\users\aurcu\onedrive\escritorio\programacion-ii\iii parcial\abstract factory\abstract_factory_1\x64\debug\abstract_factory_1.pdb
c:\users\aurcu\onedrive\escritorio\programacion-ii\iii parcial\abstract factory\abstract_factory_1\abstract_factory_1\x64\debug\abstract.c7023e44.tlog\cl.command.1.tlog
c:\users\aurcu\onedrive\escritorio\programacion-ii\iii parcial\abstract factory\abstract_factory_1\abstract_factory_1\x64\debug\abstract.c7023e44.tlog\cl.items.tlog
c:\users\aurcu\onedrive\escritorio\programacion-ii\iii parcial\abstract factory\abstract_factory_1\abstract_factory_1\x64\debug\abstract.c7023e44.tlog\cl.read.1.tlog
c:\users\aurcu\onedrive\escritorio\programacion-ii\iii parcial\abstract factory\abstract_factory_1\abstract_factory_1\x64\debug\abstract.c7023e44.tlog\cl.write.1.tlog
c:\users\aurcu\onedrive\escritorio\programacion-ii\iii parcial\abstract factory\abstract_factory_1\abstract_factory_1\x64\debug\abstract.c7023e44.tlog\link.command.1.tlog
c:\users\aurcu\onedrive\escritorio\programacion-ii\iii parcial\abstract factory\abstract_factory_1\abstract_factory_1\x64\debug\abstract.c7023e44.tlog\link.read.1.tlog
c:\users\aurcu\onedrive\escritorio\programacion-ii\iii parcial\abstract factory\abstract_factory_1\abstract_factory_1\x64\debug\abstract.c7023e44.tlog\link.write.1.tlog
